#
# There is insufficient memory for the Java Runtime Environment to continue.
# Native memory allocation (malloc) failed to allocate 32744 bytes for ChunkPool::allocate
# Possible reasons:
#   The system is out of physical RAM or swap space
#   In 32 bit mode, the process size limit was hit
# Possible solutions:
#   Reduce memory load on the system
#   Increase physical memory or swap space
#   Check if swap backing store is full
#   Use 64 bit Java on a 64 bit OS
#   Decrease Java heap size (-Xmx/-Xms)
#   Decrease number of Java threads
#   Decrease Java thread stack sizes (-Xss)
#   Set larger code cache with -XX:ReservedCodeCacheSize=
# This output file may be truncated or incomplete.
#
#  Out of Memory Error (allocation.cpp:273), pid=62812, tid=0x0000000000002b60
#
# JRE version: Java(TM) SE Runtime Environment (8.0_181-b13) (build 1.8.0_181-b13)
# Java VM: Java HotSpot(TM) 64-Bit Server VM (25.181-b13 mixed mode windows-amd64 compressed oops)
# Failed to write core dump. Minidumps are not enabled by default on client versions of Windows
#

---------------  T H R E A D  ---------------

Current thread (0x0000000016eeb800):  JavaThread "Daemon worker" [_thread_in_vm, id=11104, stack(0x00000000199a0000,0x0000000019aa0000)]

Stack: [0x00000000199a0000,0x0000000019aa0000]
[error occurred during error reporting (printing stack bounds), id 0xc0000005]

Native frames: (J=compiled Java code, j=interpreted, Vv=VM code, C=native code)

Java frames: (J=compiled Java code, j=interpreted, Vv=VM code)
J 778  java.lang.ClassLoader.defineClass1(Ljava/lang/String;[BIILjava/security/ProtectionDomain;Ljava/lang/String;)Ljava/lang/Class; (0 bytes) @ 0x0000000003077a1f [0x0000000003077980+0x9f]
J 546 C1 java.lang.ClassLoader.defineClass(Ljava/lang/String;[BIILjava/security/ProtectionDomain;)Ljava/lang/Class; (43 bytes) @ 0x0000000002f99fa4 [0x0000000002f999c0+0x5e4]
J 422 C1 java.net.URLClassLoader.defineClass(Ljava/lang/String;Lsun/misc/Resource;)Ljava/lang/Class; (142 bytes) @ 0x0000000002f31ea4 [0x0000000002f30340+0x1b64]
J 304 C1 java.net.URLClassLoader$1.run()Ljava/lang/Class; (63 bytes) @ 0x0000000002ee4dd4 [0x0000000002ee4b20+0x2b4]
J 272 C1 java.net.URLClassLoader$1.run()Ljava/lang/Object; (5 bytes) @ 0x0000000002ed03cc [0x0000000002ed0340+0x8c]
v  ~StubRoutines::call_stub
J 260  java.security.AccessController.doPrivileged(Ljava/security/PrivilegedExceptionAction;Ljava/security/AccessControlContext;)Ljava/lang/Object; (0 bytes) @ 0x0000000002ec6966 [0x0000000002ec6900+0x66]
J 1377 C2 java.net.URLClassLoader.findClass(Ljava/lang/String;)Ljava/lang/Class; (47 bytes) @ 0x0000000002e9d5b0 [0x0000000002e9d520+0x90]
J 1353 C2 java.lang.ClassLoader.loadClass(Ljava/lang/String;Z)Ljava/lang/Class; (122 bytes) @ 0x00000000031d7484 [0x00000000031d6480+0x1004]
J 307 C1 java.lang.ClassLoader.loadClass(Ljava/lang/String;)Ljava/lang/Class; (7 bytes) @ 0x0000000002ee628c [0x0000000002ee6180+0x10c]
v  ~StubRoutines::call_stub
j  com.google.common.util.concurrent.Striped.ceilToPowerOfTwo(I)I+5
j  com.google.common.util.concurrent.Striped.access$200(I)I+1
j  com.google.common.util.concurrent.Striped$PowerOfTwoStriped.<init>(I)V+31
j  com.google.common.util.concurrent.Striped$CompactStriped.<init>(ILcom/google/common/base/Supplier;)V+2
j  com.google.common.util.concurrent.Striped$CompactStriped.<init>(ILcom/google/common/base/Supplier;Lcom/google/common/util/concurrent/Striped$1;)V+3
j  com.google.common.util.concurrent.Striped.lock(I)Lcom/google/common/util/concurrent/Striped;+13
j  org.gradle.cache.internal.ProducerGuard$StripedProducerGuard.<init>()V+14
j  org.gradle.cache.internal.ProducerGuard$StripedProducerGuard.<init>(Lorg/gradle/cache/internal/ProducerGuard$1;)V+1
j  org.gradle.cache.internal.ProducerGuard.striped()Lorg/gradle/cache/internal/ProducerGuard;+5
j  org.gradle.api.internal.changedetection.state.DefaultFileSystemSnapshotter.<init>(Lorg/gradle/internal/hash/FileHasher;Lorg/gradle/api/internal/cache/StringInterner;Lorg/gradle/internal/nativeintegration/filesystem/FileSystem;Lorg/gradle/api/internal/file/collections/DirectoryFileTreeFactory;Lorg/gradle/api/internal/changedetection/state/FileSystemMirror;)V+5
j  org.gradle.internal.service.scopes.GradleUserHomeScopeServices.createFileSystemSnapshotter(Lorg/gradle/internal/hash/FileHasher;Lorg/gradle/api/internal/cache/StringInterner;Lorg/gradle/internal/nativeintegration/filesystem/FileSystem;Lorg/gradle/api/internal/file/collections/DirectoryFileTreeFactory;Lorg/gradle/api/internal/changedetection/state/FileSystemMirror;)Lorg/gradle/api/internal/changedetection/state/FileSystemSnapshotter;+11
v  ~StubRoutines::call_stub
j  sun.reflect.NativeMethodAccessorImpl.invoke0(Ljava/lang/reflect/Method;Ljava/lang/Object;[Ljava/lang/Object;)Ljava/lang/Object;+0
j  sun.reflect.NativeMethodAccessorImpl.invoke(Ljava/lang/Object;[Ljava/lang/Object;)Ljava/lang/Object;+100
J 1125 C1 sun.reflect.DelegatingMethodAccessorImpl.invoke(Ljava/lang/Object;[Ljava/lang/Object;)Ljava/lang/Object; (10 bytes) @ 0x00000000031570c4 [0x0000000003156fc0+0x104]
J 1124 C1 java.lang.reflect.Method.invoke(Ljava/lang/Object;[Ljava/lang/Object;)Ljava/lang/Object; (62 bytes) @ 0x0000000003156aec [0x0000000003156700+0x3ec]
j  org.gradle.internal.reflect.JavaMethod.invoke(Ljava/lang/Object;[Ljava/lang/Object;)Ljava/lang/Object;+6
j  org.gradle.internal.service.ReflectionBasedServiceMethod.invoke(Ljava/lang/Object;[Ljava/lang/Object;)Ljava/lang/Object;+6
j  org.gradle.internal.service.DefaultServiceRegistry$FactoryMethodService.invokeMethod([Ljava/lang/Object;)Ljava/lang/Object;+9
j  org.gradle.internal.service.DefaultServiceRegistry$FactoryService.create()Ljava/lang/Object;+7
j  org.gradle.internal.service.DefaultServiceRegistry$ManagedObjectServiceProvider.getInstance()Ljava/lang/Object;+24
j  org.gradle.internal.service.DefaultServiceRegistry$SingletonService.get()Ljava/lang/Object;+1
j  org.gradle.internal.service.DefaultServiceRegistry$FactoryService.assembleParameters()[Ljava/lang/Object;+44
j  org.gradle.internal.service.DefaultServiceRegistry$FactoryService.create()Ljava/lang/Object;+1
j  org.gradle.internal.service.DefaultServiceRegistry$ManagedObjectServiceProvider.getInstance()Ljava/lang/Object;+24
j  org.gradle.internal.service.DefaultServiceRegistry$SingletonService.get()Ljava/lang/Object;+1
j  org.gradle.internal.service.DefaultServiceRegistry$FactoryService.assembleParameters()[Ljava/lang/Object;+44
j  org.gradle.internal.service.DefaultServiceRegistry$FactoryService.create()Ljava/lang/Object;+1
j  org.gradle.internal.service.DefaultServiceRegistry$ManagedObjectServiceProvider.getInstance()Ljava/lang/Object;+24
j  org.gradle.internal.service.DefaultServiceRegistry$SingletonService.get()Ljava/lang/Object;+1
j  org.gradle.internal.service.DefaultServiceRegistry$FactoryService.assembleParameters()[Ljava/lang/Object;+44
j  org.gradle.internal.service.DefaultServiceRegistry$FactoryService.create()Ljava/lang/Object;+1
j  org.gradle.internal.service.DefaultServiceRegistry$ManagedObjectServiceProvider.getInstance()Ljava/lang/Object;+24
j  org.gradle.internal.service.DefaultServiceRegistry$SingletonService.get()Ljava/lang/Object;+1
j  org.gradle.internal.service.DefaultServiceRegistry$FactoryService.assembleParameters()[Ljava/lang/Object;+44
j  org.gradle.internal.service.DefaultServiceRegistry$FactoryService.create()Ljava/lang/Object;+1
j  org.gradle.internal.service.DefaultServiceRegistry$ManagedObjectServiceProvider.getInstance()Ljava/lang/Object;+24
j  org.gradle.internal.service.DefaultServiceRegistry$SingletonService.get()Ljava/lang/Object;+1
j  org.gradle.internal.service.DefaultServiceRegistry$FactoryService.assembleParameters()[Ljava/lang/Object;+44
j  org.gradle.internal.service.DefaultServiceRegistry$FactoryService.create()Ljava/lang/Object;+1
j  org.gradle.internal.service.DefaultServiceRegistry$ManagedObjectServiceProvider.getInstance()Ljava/lang/Object;+24
j  org.gradle.internal.service.DefaultServiceRegistry$SingletonService.get()Ljava/lang/Object;+1
j  org.gradle.internal.service.DefaultServiceRegistry.find(Ljava/lang/reflect/Type;)Ljava/lang/Object;+22
j  org.gradle.internal.service.DefaultServiceRegistry.get(Ljava/lang/reflect/Type;)Ljava/lang/Object;+2
j  org.gradle.internal.service.DefaultServiceRegistry.get(Ljava/lang/Class;)Ljava/lang/Object;+3
j  org.gradle.internal.service.scopes.BuildScopeServices.defaultScriptPluginFactory()Lorg/gradle/configuration/DefaultScriptPluginFactory;+8
j  org.gradle.internal.service.scopes.BuildScopeServices.createScriptPluginFactory(Lorg/gradle/api/internal/InstantiatorFactory;Lorg/gradle/internal/operations/BuildOperationExecutor;)Lorg/gradle/configuration/ScriptPluginFactory;+1
v  ~StubRoutines::call_stub
j  sun.reflect.NativeMethodAccessorImpl.invoke0(Ljava/lang/reflect/Method;Ljava/lang/Object;[Ljava/lang/Object;)Ljava/lang/Object;+0
j  sun.reflect.NativeMethodAccessorImpl.invoke(Ljava/lang/Object;[Ljava/lang/Object;)Ljava/lang/Object;+100
J 1125 C1 sun.reflect.DelegatingMethodAccessorImpl.invoke(Ljava/lang/Object;[Ljava/lang/Object;)Ljava/lang/Object; (10 bytes) @ 0x00000000031570c4 [0x0000000003156fc0+0x104]
J 1124 C1 java.lang.reflect.Method.invoke(Ljava/lang/Object;[Ljava/lang/Object;)Ljava/lang/Object; (62 bytes) @ 0x0000000003156aec [0x0000000003156700+0x3ec]
j  org.gradle.internal.reflect.JavaMethod.invoke(Ljava/lang/Object;[Ljava/lang/Object;)Ljava/lang/Object;+6
j  org.gradle.internal.service.ReflectionBasedServiceMethod.invoke(Ljava/lang/Object;[Ljava/lang/Object;)Ljava/lang/Object;+6
j  org.gradle.internal.service.DefaultServiceRegistry$FactoryMethodService.invokeMethod([Ljava/lang/Object;)Ljava/lang/Object;+9
j  org.gradle.internal.service.DefaultServiceRegistry$FactoryService.create()Ljava/lang/Object;+7
j  org.gradle.internal.service.DefaultServiceRegistry$ManagedObjectServiceProvider.getInstance()Ljava/lang/Object;+24
j  org.gradle.internal.service.DefaultServiceRegistry$SingletonService.get()Ljava/lang/Object;+1
j  org.gradle.internal.service.DefaultServiceRegistry$FactoryService.assembleParameters()[Ljava/lang/Object;+44
j  org.gradle.internal.service.DefaultServiceRegistry$FactoryService.create()Ljava/lang/Object;+1
j  org.gradle.internal.service.DefaultServiceRegistry$ManagedObjectServiceProvider.getInstance()Ljava/lang/Object;+24
j  org.gradle.internal.service.DefaultServiceRegistry$SingletonService.get()Ljava/lang/Object;+1
j  org.gradle.internal.service.DefaultServiceRegistry$FactoryService.assembleParameters()[Ljava/lang/Object;+44
j  org.gradle.internal.service.DefaultServiceRegistry$FactoryService.create()Ljava/lang/Object;+1
j  org.gradle.internal.service.DefaultServiceRegistry$ManagedObjectServiceProvider.getInstance()Ljava/lang/Object;+24
j  org.gradle.internal.service.DefaultServiceRegistry$SingletonService.get()Ljava/lang/Object;+1
j  org.gradle.internal.service.DefaultServiceRegistry.find(Ljava/lang/reflect/Type;)Ljava/lang/Object;+22
j  org.gradle.internal.service.DefaultServiceRegistry.get(Ljava/lang/reflect/Type;)Ljava/lang/Object;+2
j  org.gradle.internal.service.DefaultServiceRegistry.get(Ljava/lang/Class;)Ljava/lang/Object;+3
j  org.gradle.initialization.DefaultGradleLauncherFactory.doNewInstance(Lorg/gradle/api/internal/BuildDefinition;Lorg/gradle/api/artifacts/component/BuildIdentifier;Lorg/gradle/initialization/GradleLauncher;Lorg/gradle/initialization/BuildCancellationToken;Lorg/gradle/initialization/BuildRequestMetaData;Lorg/gradle/initialization/BuildEventConsumer;Lorg/gradle/internal/service/scopes/BuildTreeScopeServices;Ljava/util/List;)Lorg/gradle/initialization/DefaultGradleLauncher;+414
j  org.gradle.initialization.DefaultGradleLauncherFactory.newInstance(Lorg/gradle/api/internal/BuildDefinition;Lorg/gradle/internal/build/RootBuildState;Lorg/gradle/initialization/BuildRequestContext;Lorg/gradle/internal/service/ServiceRegistry;)Lorg/gradle/initialization/GradleLauncher;+77
j  org.gradle.composite.internal.DefaultRootBuildState.run(Lorg/gradle/api/Transformer;)Ljava/lang/Object;+17
j  org.gradle.launcher.exec.InProcessBuildActionExecuter.execute(Lorg/gradle/internal/invocation/BuildAction;Lorg/gradle/initialization/BuildRequestContext;Lorg/gradle/launcher/exec/BuildActionParameters;Lorg/gradle/internal/service/ServiceRegistry;)Ljava/lang/Object;+67
j  org.gradle.launcher.exec.InProcessBuildActionExecuter.execute(Lorg/gradle/internal/invocation/BuildAction;Lorg/gradle/initialization/BuildRequestContext;Ljava/lang/Object;Lorg/gradle/internal/service/ServiceRegistry;)Ljava/lang/Object;+9
j  org.gradle.launcher.exec.BuildTreeScopeBuildActionExecuter.execute(Lorg/gradle/internal/invocation/BuildAction;Lorg/gradle/initialization/BuildRequestContext;Lorg/gradle/launcher/exec/BuildActionParameters;Lorg/gradle/internal/service/ServiceRegistry;)Ljava/lang/Object;+38
j  org.gradle.launcher.exec.BuildTreeScopeBuildActionExecuter.execute(Lorg/gradle/internal/invocation/BuildAction;Lorg/gradle/initialization/BuildRequestContext;Ljava/lang/Object;Lorg/gradle/internal/service/ServiceRegistry;)Ljava/lang/Object;+9
j  org.gradle.tooling.internal.provider.ContinuousBuildActionExecuter.execute(Lorg/gradle/internal/invocation/BuildAction;Lorg/gradle/initialization/BuildRequestContext;Lorg/gradle/launcher/exec/BuildActionParameters;Lorg/gradle/internal/service/ServiceRegistry;)Ljava/lang/Object;+63
j  org.gradle.tooling.internal.provider.ContinuousBuildActionExecuter.execute(Lorg/gradle/internal/invocation/BuildAction;Lorg/gradle/initialization/BuildRequestContext;Ljava/lang/Object;Lorg/gradle/internal/service/ServiceRegistry;)Ljava/lang/Object;+9
j  org.gradle.tooling.internal.provider.ServicesSetupBuildActionExecuter.execute(Lorg/gradle/internal/invocation/BuildAction;Lorg/gradle/initialization/BuildRequestContext;Lorg/gradle/launcher/exec/BuildActionParameters;Lorg/gradle/internal/service/ServiceRegistry;)Ljava/lang/Object;+107
j  org.gradle.tooling.internal.provider.ServicesSetupBuildActionExecuter.execute(Lorg/gradle/internal/invocation/BuildAction;Lorg/gradle/initialization/BuildRequestContext;Ljava/lang/Object;Lorg/gradle/internal/service/ServiceRegistry;)Ljava/lang/Object;+9
j  org.gradle.tooling.internal.provider.GradleThreadBuildActionExecuter.execute(Lorg/gradle/internal/invocation/BuildAction;Lorg/gradle/initialization/BuildRequestContext;Lorg/gradle/launcher/exec/BuildActionParameters;Lorg/gradle/internal/service/ServiceRegistry;)Ljava/lang/Object;+12
j  org.gradle.tooling.internal.provider.GradleThreadBuildActionExecuter.execute(Lorg/gradle/internal/invocation/BuildAction;Lorg/gradle/initialization/BuildRequestContext;Ljava/lang/Object;Lorg/gradle/internal/service/ServiceRegistry;)Ljava/lang/Object;+9
j  org.gradle.tooling.internal.provider.ParallelismConfigurationBuildActionExecuter.execute(Lorg/gradle/internal/invocation/BuildAction;Lorg/gradle/initialization/BuildRequestContext;Lorg/gradle/launcher/exec/BuildActionParameters;Lorg/gradle/internal/service/ServiceRegistry;)Ljava/lang/Object;+43
j  org.gradle.tooling.internal.provider.ParallelismConfigurationBuildActionExecuter.execute(Lorg/gradle/internal/invocation/BuildAction;Lorg/gradle/initialization/BuildRequestContext;Ljava/lang/Object;Lorg/gradle/internal/service/ServiceRegistry;)Ljava/lang/Object;+9
j  org.gradle.tooling.internal.provider.StartParamsValidatingActionExecuter.execute(Lorg/gradle/internal/invocation/BuildAction;Lorg/gradle/initialization/BuildRequestContext;Lorg/gradle/launcher/exec/BuildActionParameters;Lorg/gradle/internal/service/ServiceRegistry;)Ljava/lang/Object;+177
j  org.gradle.tooling.internal.provider.StartParamsValidatingActionExecuter.execute(Lorg/gradle/internal/invocation/BuildAction;Lorg/gradle/initialization/BuildRequestContext;Ljava/lang/Object;Lorg/gradle/internal/service/ServiceRegistry;)Ljava/lang/Object;+9
j  org.gradle.tooling.internal.provider.SessionFailureReportingActionExecuter.execute(Lorg/gradle/internal/invocation/BuildAction;Lorg/gradle/initialization/BuildRequestContext;Lorg/gradle/launcher/exec/BuildActionParameters;Lorg/gradle/internal/service/ServiceRegistry;)Ljava/lang/Object;+9
j  org.gradle.tooling.internal.provider.SessionFailureReportingActionExecuter.execute(Lorg/gradle/internal/invocation/BuildAction;Lorg/gradle/initialization/BuildRequestContext;Ljava/lang/Object;Lorg/gradle/internal/service/ServiceRegistry;)Ljava/lang/Object;+9
j  org.gradle.tooling.internal.provider.SetupLoggingActionExecuter.execute(Lorg/gradle/internal/invocation/BuildAction;Lorg/gradle/initialization/BuildRequestContext;Lorg/gradle/launcher/exec/BuildActionParameters;Lorg/gradle/internal/service/ServiceRegistry;)Ljava/lang/Object;+52
j  org.gradle.tooling.internal.provider.SetupLoggingActionExecuter.execute(Lorg/gradle/internal/invocation/BuildAction;Lorg/gradle/initialization/BuildRequestContext;Ljava/lang/Object;Lorg/gradle/internal/service/ServiceRegistry;)Ljava/lang/Object;+9
j  org.gradle.launcher.daemon.server.exec.ExecuteBuild.doBuild(Lorg/gradle/launcher/daemon/server/api/DaemonCommandExecution;Lorg/gradle/launcher/daemon/protocol/Build;)V+114
j  org.gradle.launcher.daemon.server.exec.BuildCommandOnly.execute(Lorg/gradle/launcher/daemon/server/api/DaemonCommandExecution;)V+49
j  org.gradle.launcher.daemon.server.api.DaemonCommandExecution.proceed()Z+28
j  org.gradle.launcher.daemon.server.exec.WatchForDisconnection.execute(Lorg/gradle/launcher/daemon/server/api/DaemonCommandExecution;)V+19
j  org.gradle.launcher.daemon.server.api.DaemonCommandExecution.proceed()Z+28
j  org.gradle.launcher.daemon.server.exec.ResetDeprecationLogger.execute(Lorg/gradle/launcher/daemon/server/api/DaemonCommandExecution;)V+4
j  org.gradle.launcher.daemon.server.api.DaemonCommandExecution.proceed()Z+28
j  org.gradle.launcher.daemon.server.exec.RequestStopIfSingleUsedDaemon.execute(Lorg/gradle/launcher/daemon/server/api/DaemonCommandExecution;)V+33
j  org.gradle.launcher.daemon.server.api.DaemonCommandExecution.proceed()Z+28
j  org.gradle.launcher.daemon.server.exec.ForwardClientInput$2.call()Ljava/lang/Void;+4
j  org.gradle.launcher.daemon.server.exec.ForwardClientInput$2.call()Ljava/lang/Object;+1
j  org.gradle.util.Swapper.swap(Ljava/lang/Object;Ljava/util/concurrent/Callable;)Ljava/lang/Object;+21
j  org.gradle.launcher.daemon.server.exec.ForwardClientInput.execute(Lorg/gradle/launcher/daemon/server/api/DaemonCommandExecution;)V+63
j  org.gradle.launcher.daemon.server.api.DaemonCommandExecution.proceed()Z+28
j  org.gradle.launcher.daemon.server.exec.LogAndCheckHealth.execute(Lorg/gradle/launcher/daemon/server/api/DaemonCommandExecution;)V+28
j  org.gradle.launcher.daemon.server.api.DaemonCommandExecution.proceed()Z+28
j  org.gradle.launcher.daemon.server.exec.LogToClient.doBuild(Lorg/gradle/launcher/daemon/server/api/DaemonCommandExecution;Lorg/gradle/launcher/daemon/protocol/Build;)V+87
j  org.gradle.launcher.daemon.server.exec.BuildCommandOnly.execute(Lorg/gradle/launcher/daemon/server/api/DaemonCommandExecution;)V+49
j  org.gradle.launcher.daemon.server.api.DaemonCommandExecution.proceed()Z+28
j  org.gradle.launcher.daemon.server.exec.EstablishBuildEnvironment.doBuild(Lorg/gradle/launcher/daemon/server/api/DaemonCommandExecution;Lorg/gradle/launcher/daemon/protocol/Build;)V+365
j  org.gradle.launcher.daemon.server.exec.BuildCommandOnly.execute(Lorg/gradle/launcher/daemon/server/api/DaemonCommandExecution;)V+49
j  org.gradle.launcher.daemon.server.api.DaemonCommandExecution.proceed()Z+28
j  org.gradle.launcher.daemon.server.exec.StartBuildOrRespondWithBusy$1.run()V+44
j  org.gradle.launcher.daemon.server.DaemonStateCoordinator$1.run()V+4
j  org.gradle.internal.concurrent.ExecutorPolicy$CatchAndRecordFailures.onExecute(Ljava/lang/Runnable;)V+1
j  org.gradle.internal.concurrent.ManagedExecutorImpl$1.run()V+25
j  java.util.concurrent.ThreadPoolExecutor.runWorker(Ljava/util/concurrent/ThreadPoolExecutor$Worker;)V+95
j  java.util.concurrent.ThreadPoolExecutor$Worker.run()V+5
j  org.gradle.internal.concurrent.ThreadFactoryImpl$ManagedThreadRunnable.run()V+7
j  java.lang.Thread.run()V+11
v  ~StubRoutines::call_stub

---------------  P R O C E S S  ---------------

Java Threads: ( => current thread )
  0x0000000019d80800 JavaThread "File lock request listener" [_thread_in_native, id=135916, stack(0x000000001af70000,0x000000001b070000)]
  0x0000000019d7f800 JavaThread "Cache worker for file hash cache (C:\Users\triin\.gradle\caches\4.8.1\fileHashes)" [_thread_blocked, id=71132, stack(0x000000001ae70000,0x000000001af70000)]
  0x0000000016e8a800 JavaThread "Stdin handler" [_thread_blocked, id=123284, stack(0x0000000019ba0000,0x0000000019ca0000)]
  0x0000000016e87800 JavaThread "Asynchronous log dispatcher for DefaultDaemonConnection: socket connection from /127.0.0.1:64638 to /127.0.0.1:64639" [_thread_blocked, id=145116, stack(0x0000000019aa0000,0x0000000019ba0000)]
=>0x0000000016eeb800 JavaThread "Daemon worker" [_thread_in_vm, id=11104, stack(0x00000000199a0000,0x0000000019aa0000)]
  0x0000000016edc800 JavaThread "Cancel handler" [_thread_blocked, id=112216, stack(0x00000000198a0000,0x00000000199a0000)]
  0x00000000183fd000 JavaThread "Handler for socket connection from /127.0.0.1:64638 to /127.0.0.1:64639" [_thread_in_native, id=111192, stack(0x00000000195a0000,0x00000000196a0000)]
  0x00000000183f8800 JavaThread "Daemon" [_thread_blocked, id=55432, stack(0x00000000194a0000,0x00000000195a0000)]
  0x0000000018351000 JavaThread "Daemon periodic checks" [_thread_blocked, id=39792, stack(0x00000000193a0000,0x00000000194a0000)]
  0x0000000018355000 JavaThread "Incoming local TCP Connector on port 64638" [_thread_in_native, id=116800, stack(0x0000000019160000,0x0000000019260000)]
  0x0000000017eab800 JavaThread "Daemon health stats" [_thread_blocked, id=3640, stack(0x0000000018b20000,0x0000000018c20000)]
  0x0000000016d8a800 JavaThread "Service Thread" daemon [_thread_blocked, id=137032, stack(0x0000000017150000,0x0000000017250000)]
  0x0000000015424800 JavaThread "C1 CompilerThread2" daemon [_thread_blocked, id=98860, stack(0x0000000016c50000,0x0000000016d50000)]
  0x0000000015401000 JavaThread "C2 CompilerThread1" daemon [_thread_in_native, id=119608, stack(0x0000000016b50000,0x0000000016c50000)]
  0x00000000153fd000 JavaThread "C2 CompilerThread0" daemon [_thread_blocked, id=128888, stack(0x0000000016a50000,0x0000000016b50000)]
  0x0000000015408000 JavaThread "Attach Listener" daemon [_thread_blocked, id=118772, stack(0x0000000016950000,0x0000000016a50000)]
  0x0000000015406800 JavaThread "Signal Dispatcher" daemon [_thread_blocked, id=109548, stack(0x0000000016850000,0x0000000016950000)]
  0x0000000002d2b000 JavaThread "Finalizer" daemon [_thread_blocked, id=100988, stack(0x0000000016660000,0x0000000016760000)]
  0x0000000002d22000 JavaThread "Reference Handler" daemon [_thread_blocked, id=113184, stack(0x0000000016560000,0x0000000016660000)]
  0x0000000002c32800 JavaThread "main" [_thread_blocked, id=117320, stack(0x0000000002b30000,0x0000000002c30000)]

Other Threads:
  0x00000000153c7800 VMThread [stack: 0x0000000016460000,0x0000000016560000] [id=89636]
  0x000000001545d800 WatcherThread [stack: 0x0000000017250000,0x0000000017350000] [id=137592]

VM state:not at safepoint (normal execution)

VM Mutex/Monitor currently owned by a thread: None

Heap:
 PSYoungGen      total 30208K, used 11277K [0x00000000eab00000, 0x00000000ed600000, 0x0000000100000000)
  eden space 25088K, 27% used [0x00000000eab00000,0x00000000eb1a88a8,0x00000000ec380000)
  from space 5120K, 87% used [0x00000000ec900000,0x00000000ecd5ac78,0x00000000ece00000)
  to   space 5632K, 0% used [0x00000000ec380000,0x00000000ec380000,0x00000000ec900000)
 ParOldGen       total 44032K, used 4815K [0x00000000c0000000, 0x00000000c2b00000, 0x00000000eab00000)
  object space 44032K, 10% used [0x00000000c0000000,0x00000000c04b3f68,0x00000000c2b00000)
 Metaspace       used 14441K, capacity 14746K, committed 14848K, reserved 1062912K
  class space    used 2095K, capacity 2213K, committed 2304K, reserved 1048576K

Card table byte_map: [0x00000000120f0000,0x0000000012300000] byte_map_base: 0x0000000011af0000

Marking Bits: (ParMarkBitMap*) 0x000000006e3f2d00
 Begin Bits: [0x0000000012860000, 0x0000000013860000)
 End Bits:   [0x0000000013860000, 0x0000000014860000)

Polling page: 0x00000000009f0000

CodeCache: size=245760Kb used=4335Kb max_used=4747Kb free=241424Kb
 bounds [0x0000000002d30000, 0x00000000031e0000, 0x0000000011d30000]
 total_blobs=1648 nmethods=1277 adapters=283
 compilation: enabled

Compilation events (10 events):
Event: 12.806 Thread 0x00000000153fd000 1403       4       java.nio.charset.CharsetEncoder::reset (11 bytes)
Event: 12.806 Thread 0x0000000015424800 1404       1       java.nio.charset.CharsetEncoder::implReset (1 bytes)
Event: 12.807 Thread 0x0000000015424800 nmethod 1404 0x0000000002f565d0 code [0x0000000002f56720, 0x0000000002f56830]
Event: 12.807 Thread 0x00000000153fd000 nmethod 1403 0x0000000002ed9850 code [0x0000000002ed9980, 0x0000000002ed99d8]
Event: 12.887 Thread 0x0000000015424800 1405       1       java.util.concurrent.locks.AbstractQueuedSynchronizer::getState (5 bytes)
Event: 12.887 Thread 0x0000000015424800 nmethod 1405 0x0000000002f56310 code [0x0000000002f56460, 0x0000000002f56570]
Event: 12.990 Thread 0x0000000015424800 1406       1       java.util.concurrent.locks.AbstractOwnableSynchronizer::getExclusiveOwnerThread (5 bytes)
Event: 12.990 Thread 0x0000000015424800 nmethod 1406 0x0000000002f55f90 code [0x0000000002f560e0, 0x0000000002f561f0]
Event: 13.010 Thread 0x00000000153fd000 1407       4       java.util.jar.Attributes$Name::hashCode (24 bytes)
Event: 13.017 Thread 0x00000000153fd000 nmethod 1407 0x0000000002f843d0 code [0x0000000002f84520, 0x0000000002f847f8]

GC Heap History (10 events):
Event: 6.445 GC heap before
{Heap before GC invocations=2 (full 0):
 PSYoungGen      total 18944K, used 18922K [0x00000000eab00000, 0x00000000ec000000, 0x0000000100000000)
  eden space 16384K, 100% used [0x00000000eab00000,0x00000000ebb00000,0x00000000ebb00000)
  from space 2560K, 99% used [0x00000000ebb00000,0x00000000ebd7aa00,0x00000000ebd80000)
  to   space 2560K, 0% used [0x00000000ebd80000,0x00000000ebd80000,0x00000000ec000000)
 ParOldGen       total 44032K, used 262K [0x00000000c0000000, 0x00000000c2b00000, 0x00000000eab00000)
  object space 44032K, 0% used [0x00000000c0000000,0x00000000c0041ad0,0x00000000c2b00000)
 Metaspace       used 6849K, capacity 7002K, committed 7168K, reserved 1056768K
  class space    used 852K, capacity 910K, committed 1024K, reserved 1048576K
Event: 6.462 GC heap after
Heap after GC invocations=2 (full 0):
 PSYoungGen      total 18944K, used 2548K [0x00000000eab00000, 0x00000000ec000000, 0x0000000100000000)
  eden space 16384K, 0% used [0x00000000eab00000,0x00000000eab00000,0x00000000ebb00000)
  from space 2560K, 99% used [0x00000000ebd80000,0x00000000ebffd1e0,0x00000000ec000000)
  to   space 2560K, 0% used [0x00000000ebb00000,0x00000000ebb00000,0x00000000ebd80000)
 ParOldGen       total 44032K, used 470K [0x00000000c0000000, 0x00000000c2b00000, 0x00000000eab00000)
  object space 44032K, 1% used [0x00000000c0000000,0x00000000c00759b0,0x00000000c2b00000)
 Metaspace       used 6849K, capacity 7002K, committed 7168K, reserved 1056768K
  class space    used 852K, capacity 910K, committed 1024K, reserved 1048576K
}
Event: 7.418 GC heap before
{Heap before GC invocations=3 (full 0):
 PSYoungGen      total 18944K, used 18932K [0x00000000eab00000, 0x00000000ec000000, 0x0000000100000000)
  eden space 16384K, 100% used [0x00000000eab00000,0x00000000ebb00000,0x00000000ebb00000)
  from space 2560K, 99% used [0x00000000ebd80000,0x00000000ebffd1e0,0x00000000ec000000)
  to   space 2560K, 0% used [0x00000000ebb00000,0x00000000ebb00000,0x00000000ebd80000)
 ParOldGen       total 44032K, used 470K [0x00000000c0000000, 0x00000000c2b00000, 0x00000000eab00000)
  object space 44032K, 1% used [0x00000000c0000000,0x00000000c00759b0,0x00000000c2b00000)
 Metaspace       used 7081K, capacity 7284K, committed 7424K, reserved 1056768K
  class space    used 895K, capacity 983K, committed 1024K, reserved 1048576K
Event: 7.434 GC heap after
Heap after GC invocations=3 (full 0):
 PSYoungGen      total 18944K, used 2544K [0x00000000eab00000, 0x00000000ed000000, 0x0000000100000000)
  eden space 16384K, 0% used [0x00000000eab00000,0x00000000eab00000,0x00000000ebb00000)
  from space 2560K, 99% used [0x00000000ebb00000,0x00000000ebd7c010,0x00000000ebd80000)
  to   space 2560K, 0% used [0x00000000ecd80000,0x00000000ecd80000,0x00000000ed000000)
 ParOldGen       total 44032K, used 857K [0x00000000c0000000, 0x00000000c2b00000, 0x00000000eab00000)
  object space 44032K, 1% used [0x00000000c0000000,0x00000000c00d6468,0x00000000c2b00000)
 Metaspace       used 7081K, capacity 7284K, committed 7424K, reserved 1056768K
  class space    used 895K, capacity 983K, committed 1024K, reserved 1048576K
}
Event: 9.553 GC heap before
{Heap before GC invocations=4 (full 0):
 PSYoungGen      total 18944K, used 18928K [0x00000000eab00000, 0x00000000ed000000, 0x0000000100000000)
  eden space 16384K, 100% used [0x00000000eab00000,0x00000000ebb00000,0x00000000ebb00000)
  from space 2560K, 99% used [0x00000000ebb00000,0x00000000ebd7c010,0x00000000ebd80000)
  to   space 2560K, 0% used [0x00000000ecd80000,0x00000000ecd80000,0x00000000ed000000)
 ParOldGen       total 44032K, used 857K [0x00000000c0000000, 0x00000000c2b00000, 0x00000000eab00000)
  object space 44032K, 1% used [0x00000000c0000000,0x00000000c00d6468,0x00000000c2b00000)
 Metaspace       used 10042K, capacity 10282K, committed 10496K, reserved 1058816K
  class space    used 1373K, capacity 1489K, committed 1536K, reserved 1048576K
Event: 9.565 GC heap after
Heap after GC invocations=4 (full 0):
 PSYoungGen      total 18944K, used 2544K [0x00000000eab00000, 0x00000000ed000000, 0x0000000100000000)
  eden space 16384K, 0% used [0x00000000eab00000,0x00000000eab00000,0x00000000ebb00000)
  from space 2560K, 99% used [0x00000000ecd80000,0x00000000ecffc010,0x00000000ed000000)
  to   space 2560K, 0% used [0x00000000ebb00000,0x00000000ebb00000,0x00000000ebd80000)
 ParOldGen       total 44032K, used 2794K [0x00000000c0000000, 0x00000000c2b00000, 0x00000000eab00000)
  object space 44032K, 6% used [0x00000000c0000000,0x00000000c02baaa0,0x00000000c2b00000)
 Metaspace       used 10042K, capacity 10282K, committed 10496K, reserved 1058816K
  class space    used 1373K, capacity 1489K, committed 1536K, reserved 1048576K
}
Event: 11.897 GC heap before
{Heap before GC invocations=5 (full 0):
 PSYoungGen      total 18944K, used 18928K [0x00000000eab00000, 0x00000000ed000000, 0x0000000100000000)
  eden space 16384K, 100% used [0x00000000eab00000,0x00000000ebb00000,0x00000000ebb00000)
  from space 2560K, 99% used [0x00000000ecd80000,0x00000000ecffc010,0x00000000ed000000)
  to   space 2560K, 0% used [0x00000000ebb00000,0x00000000ebb00000,0x00000000ebd80000)
 ParOldGen       total 44032K, used 2794K [0x00000000c0000000, 0x00000000c2b00000, 0x00000000eab00000)
  object space 44032K, 6% used [0x00000000c0000000,0x00000000c02baaa0,0x00000000c2b00000)
 Metaspace       used 12537K, capacity 12792K, committed 12928K, reserved 1060864K
  class space    used 1739K, capacity 1860K, committed 1920K, reserved 1048576K
Event: 11.906 GC heap after
Heap after GC invocations=5 (full 0):
 PSYoungGen      total 18944K, used 2544K [0x00000000eab00000, 0x00000000ece00000, 0x0000000100000000)
  eden space 16384K, 0% used [0x00000000eab00000,0x00000000eab00000,0x00000000ebb00000)
  from space 2560K, 99% used [0x00000000ebb00000,0x00000000ebd7c010,0x00000000ebd80000)
  to   space 5120K, 0% used [0x00000000ec900000,0x00000000ec900000,0x00000000ece00000)
 ParOldGen       total 44032K, used 4807K [0x00000000c0000000, 0x00000000c2b00000, 0x00000000eab00000)
  object space 44032K, 10% used [0x00000000c0000000,0x00000000c04b1f68,0x00000000c2b00000)
 Metaspace       used 12537K, capacity 12792K, committed 12928K, reserved 1060864K
  class space    used 1739K, capacity 1860K, committed 1920K, reserved 1048576K
}
Event: 12.388 GC heap before
{Heap before GC invocations=6 (full 0):
 PSYoungGen      total 18944K, used 18928K [0x00000000eab00000, 0x00000000ece00000, 0x0000000100000000)
  eden space 16384K, 100% used [0x00000000eab00000,0x00000000ebb00000,0x00000000ebb00000)
  from space 2560K, 99% used [0x00000000ebb00000,0x00000000ebd7c010,0x00000000ebd80000)
  to   space 5120K, 0% used [0x00000000ec900000,0x00000000ec900000,0x00000000ece00000)
 ParOldGen       total 44032K, used 4807K [0x00000000c0000000, 0x00000000c2b00000, 0x00000000eab00000)
  object space 44032K, 10% used [0x00000000c0000000,0x00000000c04b1f68,0x00000000c2b00000)
 Metaspace       used 13799K, capacity 14136K, committed 14208K, reserved 1060864K
  class space    used 1982K, capacity 2116K, committed 2176K, reserved 1048576K
Event: 12.408 GC heap after
Heap after GC invocations=6 (full 0):
 PSYoungGen      total 30208K, used 4459K [0x00000000eab00000, 0x00000000ed600000, 0x0000000100000000)
  eden space 25088K, 0% used [0x00000000eab00000,0x00000000eab00000,0x00000000ec380000)
  from space 5120K, 87% used [0x00000000ec900000,0x00000000ecd5ac78,0x00000000ece00000)
  to   space 5632K, 0% used [0x00000000ec380000,0x00000000ec380000,0x00000000ec900000)
 ParOldGen       total 44032K, used 4815K [0x00000000c0000000, 0x00000000c2b00000, 0x00000000eab00000)
  object space 44032K, 10% used [0x00000000c0000000,0x00000000c04b3f68,0x00000000c2b00000)
 Metaspace       used 13799K, capacity 14136K, committed 14208K, reserved 1060864K
  class space    used 1982K, capacity 2116K, committed 2176K, reserved 1048576K
}

Deoptimization events (10 events):
Event: 7.930 Thread 0x0000000002c32800 Uncommon trap: reason=bimorphic action=maybe_recompile pc=0x000000000307c0f0 method=java.util.HashMap.putVal(ILjava/lang/Object;Ljava/lang/Object;ZZ)Ljava/lang/Object; @ 91
Event: 7.931 Thread 0x0000000002c32800 Uncommon trap: reason=bimorphic action=maybe_recompile pc=0x000000000307c0f0 method=java.util.HashMap.putVal(ILjava/lang/Object;Ljava/lang/Object;ZZ)Ljava/lang/Object; @ 91
Event: 8.524 Thread 0x0000000002c32800 Uncommon trap: reason=bimorphic action=maybe_recompile pc=0x00000000030813d8 method=java.util.HashMap.putVal(ILjava/lang/Object;Ljava/lang/Object;ZZ)Ljava/lang/Object; @ 91
Event: 9.480 Thread 0x0000000002c32800 Uncommon trap: reason=unstable_if action=reinterpret pc=0x0000000002fe8dec method=java.io.WinNTFileSystem.normalize(Ljava/lang/String;)Ljava/lang/String; @ 128
Event: 9.480 Thread 0x0000000002c32800 Uncommon trap: reason=unstable_if action=reinterpret pc=0x0000000003068120 method=java.io.WinNTFileSystem.normalize(Ljava/lang/String;II)Ljava/lang/String; @ 90
Event: 11.283 Thread 0x00000000183fd000 Uncommon trap: reason=unstable_if action=reinterpret pc=0x0000000003119720 method=java.util.concurrent.ConcurrentHashMap.putVal(Ljava/lang/Object;Ljava/lang/Object;Z)Ljava/lang/Object; @ 206
Event: 12.492 Thread 0x0000000016eeb800 Uncommon trap: reason=class_check action=maybe_recompile pc=0x0000000002ff5204 method=java.util.regex.Matcher.match(II)Z @ 86
Event: 12.493 Thread 0x0000000016eeb800 Uncommon trap: reason=class_check action=maybe_recompile pc=0x0000000002ff5204 method=java.util.regex.Matcher.match(II)Z @ 86
Event: 12.618 Thread 0x0000000016eeb800 Uncommon trap: reason=class_check action=maybe_recompile pc=0x0000000002ff5204 method=java.util.regex.Matcher.match(II)Z @ 86
Event: 12.795 Thread 0x0000000016eeb800 Uncommon trap: reason=class_check action=maybe_recompile pc=0x0000000002fb3f5c method=java.util.regex.Matcher.match(II)Z @ 86

Classes redefined (0 events):
No events

Internal exceptions (10 events):
Event: 11.291 Thread 0x00000000183fd000 Exception <a 'java/lang/NoSuchMethodError': <clinit>> (0x00000000eaf45748) thrown at [C:\re\workspace\8-2-build-windows-amd64-cygwin\jdk8u181\11358\hotspot\src\share\vm\prims\jni.cpp, line 1613]
Event: 11.297 Thread 0x00000000183fd000 Exception <a 'java/lang/NoSuchMethodError': <clinit>> (0x00000000eaf510a8) thrown at [C:\re\workspace\8-2-build-windows-amd64-cygwin\jdk8u181\11358\hotspot\src\share\vm\prims\jni.cpp, line 1613]
Event: 11.335 Thread 0x00000000183fd000 Exception <a 'java/lang/NoSuchMethodError': <clinit>> (0x00000000eaf5a6f0) thrown at [C:\re\workspace\8-2-build-windows-amd64-cygwin\jdk8u181\11358\hotspot\src\share\vm\prims\jni.cpp, line 1613]
Event: 11.346 Thread 0x00000000183fd000 Exception <a 'java/lang/NoSuchMethodError': <clinit>> (0x00000000eaf81bf0) thrown at [C:\re\workspace\8-2-build-windows-amd64-cygwin\jdk8u181\11358\hotspot\src\share\vm\prims\jni.cpp, line 1613]
Event: 11.366 Thread 0x00000000183fd000 Exception <a 'java/lang/NoSuchMethodError': <clinit>> (0x00000000eaf99e50) thrown at [C:\re\workspace\8-2-build-windows-amd64-cygwin\jdk8u181\11358\hotspot\src\share\vm\prims\jni.cpp, line 1613]
Event: 11.367 Thread 0x00000000183fd000 Exception <a 'java/lang/NoSuchMethodError': <clinit>> (0x00000000eafa2ae0) thrown at [C:\re\workspace\8-2-build-windows-amd64-cygwin\jdk8u181\11358\hotspot\src\share\vm\prims\jni.cpp, line 1613]
Event: 11.371 Thread 0x00000000183fd000 Exception <a 'java/lang/NoSuchMethodError': <clinit>> (0x00000000eafb8e40) thrown at [C:\re\workspace\8-2-build-windows-amd64-cygwin\jdk8u181\11358\hotspot\src\share\vm\prims\jni.cpp, line 1613]
Event: 11.402 Thread 0x00000000183fd000 Exception <a 'java/lang/NoSuchMethodError': <clinit>> (0x00000000eb01c4f0) thrown at [C:\re\workspace\8-2-build-windows-amd64-cygwin\jdk8u181\11358\hotspot\src\share\vm\prims\jni.cpp, line 1613]
Event: 11.417 Thread 0x00000000183fd000 Exception <a 'java/lang/NoSuchMethodError': <clinit>> (0x00000000eb048cf8) thrown at [C:\re\workspace\8-2-build-windows-amd64-cygwin\jdk8u181\11358\hotspot\src\share\vm\prims\jni.cpp, line 1613]
Event: 11.445 Thread 0x00000000183fd000 Exception <a 'java/lang/NoSuchMethodError': <clinit>> (0x00000000eb065c90) thrown at [C:\re\workspace\8-2-build-windows-amd64-cygwin\jdk8u181\11358\hotspot\src\share\vm\prims\jni.cpp, line 1613]

Events (10 events):
Event: 13.024 loading class com/google/common/util/concurrent/Striped$LargeLazyStriped
Event: 13.024 loading class com/google/common/util/concurrent/Striped$LargeLazyStriped done
Event: 13.024 loading class com/google/common/util/concurrent/Striped$5
Event: 13.024 loading class com/google/common/util/concurrent/Striped$5 done
Event: 13.025 loading class java/util/concurrent/locks/ReadWriteLock
Event: 13.025 loading class java/util/concurrent/locks/ReadWriteLock done
Event: 13.026 loading class com/google/common/util/concurrent/Striped$1
Event: 13.026 loading class com/google/common/util/concurrent/Striped$1 done
Event: 13.030 loading class com/google/common/math/IntMath
Event: 13.030 loading class com/google/common/math/IntMath done


Dynamic libraries:
0x00007ff71ebc0000 - 0x00007ff71ebf7000 	C:\Program Files\Java\jdk1.8.0_181\bin\java.exe
0x00007fff21d70000 - 0x00007fff21f51000 	C:\WINDOWS\SYSTEM32\ntdll.dll
0x00007fff208f0000 - 0x00007fff209a2000 	C:\WINDOWS\System32\KERNEL32.DLL
0x00007fff1e440000 - 0x00007fff1e6b3000 	C:\WINDOWS\System32\KERNELBASE.dll
0x00007fff21520000 - 0x00007fff215c1000 	C:\WINDOWS\System32\ADVAPI32.dll
0x00007fff21ae0000 - 0x00007fff21b7e000 	C:\WINDOWS\System32\msvcrt.dll
0x00007fff20ad0000 - 0x00007fff20b2b000 	C:\WINDOWS\System32\sechost.dll
0x00007fff207c0000 - 0x00007fff208e4000 	C:\WINDOWS\System32\RPCRT4.dll
0x00007fff21bb0000 - 0x00007fff21d40000 	C:\WINDOWS\System32\USER32.dll
0x00007fff1f1e0000 - 0x00007fff1f200000 	C:\WINDOWS\System32\win32u.dll
0x00007fff21b80000 - 0x00007fff21ba8000 	C:\WINDOWS\System32\GDI32.dll
0x00007fff1e250000 - 0x00007fff1e3e2000 	C:\WINDOWS\System32\gdi32full.dll
0x00007fff1e8b0000 - 0x00007fff1e94f000 	C:\WINDOWS\System32\msvcp_win.dll
0x00007fff1e950000 - 0x00007fff1ea4a000 	C:\WINDOWS\System32\ucrtbase.dll
0x00007fff057a0000 - 0x00007fff05a09000 	C:\WINDOWS\WinSxS\amd64_microsoft.windows.common-controls_6595b64144ccf1df_6.0.17134.228_none_fb4599993062b194\COMCTL32.dll
0x00007fff217b0000 - 0x00007fff21ad3000 	C:\WINDOWS\System32\combase.dll
0x00007fff1ea50000 - 0x00007fff1eaca000 	C:\WINDOWS\System32\bcryptPrimitives.dll
0x00007fff212f0000 - 0x00007fff2131d000 	C:\WINDOWS\System32\IMM32.DLL
0x000000006f0a0000 - 0x000000006f172000 	C:\Program Files\Java\jdk1.8.0_181\jre\bin\msvcr100.dll
0x000000006dbd0000 - 0x000000006e472000 	C:\Program Files\Java\jdk1.8.0_181\jre\bin\server\jvm.dll
0x00007fff21330000 - 0x00007fff21338000 	C:\WINDOWS\System32\PSAPI.DLL
0x00007fff0c880000 - 0x00007fff0c889000 	C:\WINDOWS\SYSTEM32\WSOCK32.dll
0x00007fff215d0000 - 0x00007fff2163c000 	C:\WINDOWS\System32\WS2_32.dll
0x00007fff1af20000 - 0x00007fff1af43000 	C:\WINDOWS\SYSTEM32\WINMM.dll
0x00007fff15220000 - 0x00007fff1522a000 	C:\WINDOWS\SYSTEM32\VERSION.dll
0x00007fff1ad40000 - 0x00007fff1ad6a000 	C:\WINDOWS\SYSTEM32\WINMMBASE.dll
0x00007fff1e3f0000 - 0x00007fff1e439000 	C:\WINDOWS\System32\cfgmgr32.dll
0x000000006f090000 - 0x000000006f09f000 	C:\Program Files\Java\jdk1.8.0_181\jre\bin\verify.dll
0x000000006f060000 - 0x000000006f089000 	C:\Program Files\Java\jdk1.8.0_181\jre\bin\java.dll
0x000000006f040000 - 0x000000006f056000 	C:\Program Files\Java\jdk1.8.0_181\jre\bin\zip.dll
0x00007fff1f380000 - 0x00007fff207c0000 	C:\WINDOWS\System32\SHELL32.dll
0x00007fff21700000 - 0x00007fff217a9000 	C:\WINDOWS\System32\shcore.dll
0x00007fff1ead0000 - 0x00007fff1f1dd000 	C:\WINDOWS\System32\windows.storage.dll
0x00007fff21290000 - 0x00007fff212e1000 	C:\WINDOWS\System32\shlwapi.dll
0x00007fff1e080000 - 0x00007fff1e091000 	C:\WINDOWS\System32\kernel.appcore.dll
0x00007fff1e0f0000 - 0x00007fff1e10f000 	C:\WINDOWS\System32\profapi.dll
0x00007fff1e0a0000 - 0x00007fff1e0ec000 	C:\WINDOWS\System32\powrprof.dll
0x00007fff1e130000 - 0x00007fff1e13a000 	C:\WINDOWS\System32\FLTLIB.DLL
0x000000006f020000 - 0x000000006f03a000 	C:\Program Files\Java\jdk1.8.0_181\jre\bin\net.dll
0x00007fff1d900000 - 0x00007fff1d966000 	C:\WINDOWS\system32\mswsock.dll
0x000000006f000000 - 0x000000006f011000 	C:\Program Files\Java\jdk1.8.0_181\jre\bin\nio.dll
0x00007ffefdf40000 - 0x00007ffefdf5e000 	C:\Users\triin\.gradle\native\25\windows-amd64\native-platform.dll
0x000000006eff0000 - 0x000000006effd000 	C:\Program Files\Java\jdk1.8.0_181\jre\bin\management.dll
0x00007fff1dab0000 - 0x00007fff1dac7000 	C:\WINDOWS\SYSTEM32\CRYPTSP.dll
0x00007fff1d4e0000 - 0x00007fff1d513000 	C:\WINDOWS\system32\rsaenh.dll
0x00007fff1dbe0000 - 0x00007fff1dc05000 	C:\WINDOWS\SYSTEM32\bcrypt.dll
0x00007fff1dfb0000 - 0x00007fff1dfd8000 	C:\WINDOWS\SYSTEM32\USERENV.dll
0x00007fff1dad0000 - 0x00007fff1dadb000 	C:\WINDOWS\SYSTEM32\CRYPTBASE.dll
0x00007fff1d680000 - 0x00007fff1d6b8000 	C:\WINDOWS\SYSTEM32\IPHLPAPI.DLL
0x00007fff21320000 - 0x00007fff21328000 	C:\WINDOWS\System32\NSI.dll
0x00007fff15ab0000 - 0x00007fff15ac6000 	C:\WINDOWS\SYSTEM32\dhcpcsvc6.DLL
0x00007fff15a10000 - 0x00007fff15a2a000 	C:\WINDOWS\SYSTEM32\dhcpcsvc.DLL

VM Arguments:
jvm_args: -XX:+HeapDumpOnOutOfMemoryError -Xmx1024m -Dfile.encoding=windows-1252 -Duser.country=EE -Duser.language=et -Duser.variant 
java_command: org.gradle.launcher.daemon.bootstrap.GradleDaemon 4.8.1
java_class_path (initial): C:\Users\triin\.gradle\wrapper\dists\gradle-4.8.1-all\6fmj4nezasjg1b7kkmy10xgo2\gradle-4.8.1\lib\gradle-launcher-4.8.1.jar
Launcher Type: SUN_STANDARD

Environment Variables:
JAVA_HOME=C:\Program Files\Java\jdk1.8.0_181
PATH=C:\Program Files (x86)\Common Files\Oracle\Java\javapath;c:\Rtools\bin;c:\Rtools\mingw_32\bin;C:\ProgramData\Oracle\Java\javapath;C:\WINDOWS\system32;C:\WINDOWS;C:\WINDOWS\System32\Wbem;C:\WINDOWS\System32\WindowsPowerShell\v1.0\;C:\Program Files\Samsung\AllShare Framework DMS\1.3.23\;C:\Program Files\Samsung\AllShare Framework DMS\1.3.23\64bit\;C:\Program Files (x86)\Brackets\command;C:\Program Files (x86)\SDL International\SDLX;C:\MySQL\bin;C:\Program Files (x86)\Microsoft SQL Server\110\Tools\Binn\;C:\Program Files\Microsoft SQL Server\110\Tools\Binn\;C:\Program Files\Microsoft SQL Server\110\DTS\Binn\;C:\Program Files\MiKTeX 2.9\miktex\bin\x64\;C:\Program Files (x86)\IVI Foundation\VISA\WinNT\Bin\;C:\Program Files\IVI Foundation\VISA\Win64\Bin\;H:\MATLAB\runtime\win64;H:\MATLAB\bin;C:\Program Files (x86)\QuickTime\QTSystem\;C:\WINDOWS\System32\OpenSSH\;C:\Program Files (x86)\Microsoft SQL Server\Client SDK\ODBC\110\Tools\Binn\;C:\Program Files (x86)\Microsoft SQL Server\120\Tools\Binn\;C:\Program Files (x86)\Microsoft SQL Server\120\DTS\Binn\;C:\Program Files\PuTTY\;C:\Program Files\Java\jdk1.8.0_181\bin;C:\Program Files\nodejs\;C:\Program Files\Apache Software Foundation\apache-maven-3.5.4/\bin;C:\Users\triin\scoop\shims;C:\Users\triin\AppData\Local\Programs\Python\Python36-32\Scripts\;C:\Users\triin\AppData\Local\Programs\Python\Python36-32\;C:\Users\triin\AppData\Local\Microsoft\WindowsApps;C:\Users\triin\AppData\Roaming\npm
USERNAME=triin
OS=Windows_NT
PROCESSOR_IDENTIFIER=Intel64 Family 6 Model 42 Stepping 7, GenuineIntel



---------------  S Y S T E M  ---------------

OS: Windows 10.0 , 64 bit Build 17134 (10.0.17134.1)

CPU:total 4 (initial active 4) (2 cores per cpu, 2 threads per core) family 6 model 42 stepping 7, cmov, cx8, fxsr, mmx, sse, sse2, sse3, ssse3, sse4.1, sse4.2, popcnt, avx, clmul, ht, tsc, tscinvbit

Memory: 4k page, physical 4093532k(227392k free), swap 9325372k(4484k free)

vm_info: Java HotSpot(TM) 64-Bit Server VM (25.181-b13) for windows-amd64 JRE (1.8.0_181-b13), built on Jul  7 2018 04:01:33 by "java_re" with MS VC++ 10.0 (VS2010)

time: Wed Sep 05 12:35:24 2018
elapsed time: 13 seconds (0d 0h 0m 13s)

