#
# There is insufficient memory for the Java Runtime Environment to continue.
# Native memory allocation (malloc) failed to allocate 1896656 bytes for Chunk::new
# Possible reasons:
#   The system is out of physical RAM or swap space
#   In 32 bit mode, the process size limit was hit
# Possible solutions:
#   Reduce memory load on the system
#   Increase physical memory or swap space
#   Check if swap backing store is full
#   Use 64 bit Java on a 64 bit OS
#   Decrease Java heap size (-Xmx/-Xms)
#   Decrease number of Java threads
#   Decrease Java thread stack sizes (-Xss)
#   Set larger code cache with -XX:ReservedCodeCacheSize=
# This output file may be truncated or incomplete.
#
#  Out of Memory Error (allocation.cpp:390), pid=14348, tid=0x0000000000016710
#
# JRE version: Java(TM) SE Runtime Environment (8.0_181-b13) (build 1.8.0_181-b13)
# Java VM: Java HotSpot(TM) 64-Bit Server VM (25.181-b13 mixed mode windows-amd64 compressed oops)
# Failed to write core dump. Minidumps are not enabled by default on client versions of Windows
#

---------------  T H R E A D  ---------------

Current thread (0x0000000015924000):  JavaThread "C2 CompilerThread1" daemon [_thread_in_native, id=91920, stack(0x0000000017060000,0x0000000017160000)]

Stack: [0x0000000017060000,0x0000000017160000]
[error occurred during error reporting (printing stack bounds), id 0xc0000005]

Native frames: (J=compiled Java code, j=interpreted, Vv=VM code, C=native code)


Current CompileTask:
C2: 713504 5569   !   4       io.spring.gradle.dependencymanagement.org.codehaus.plexus.interpolation.StringSearchInterpolator::interpolate (665 bytes)


---------------  P R O C E S S  ---------------

Java Threads: ( => current thread )
  0x000000001c10f000 JavaThread "Build operations Thread 4" [_thread_blocked, id=10876, stack(0x0000000022bd0000,0x0000000022cd0000)]
  0x000000001c108800 JavaThread "Build operations Thread 3" [_thread_blocked, id=6820, stack(0x0000000022ad0000,0x0000000022bd0000)]
  0x000000001c102800 JavaThread "Build operations Thread 2" [_thread_blocked, id=15044, stack(0x00000000229d0000,0x0000000022ad0000)]
  0x000000001c107800 JavaThread "Build operations" [_thread_blocked, id=146904, stack(0x00000000228d0000,0x00000000229d0000)]
  0x000000001c107000 JavaThread "Cache worker for Artifact transforms cache (C:\Users\triin\.gradle\caches\transforms-1)" [_thread_blocked, id=147312, stack(0x00000000227d0000,0x00000000228d0000)]
  0x000000001c103000 JavaThread "Cache worker for file hash cache (C:\Users\triin\Desktop\ValiIT\Vali-IT-projekt\.gradle\4.8\fileHashes)" [_thread_blocked, id=15076, stack(0x00000000226d0000,0x00000000227d0000)]
  0x000000001c105800 JavaThread "Stdin handler" [_thread_blocked, id=147080, stack(0x00000000225d0000,0x00000000226d0000)]
  0x000000001c104000 JavaThread "Asynchronous log dispatcher for DefaultDaemonConnection: socket connection from /127.0.0.1:61168 to /127.0.0.1:61486" [_thread_blocked, id=146216, stack(0x00000000224d0000,0x00000000225d0000)]
  0x000000001c101800 JavaThread "Cancel handler" [_thread_blocked, id=146936, stack(0x00000000223d0000,0x00000000224d0000)]
  0x000000001c104800 JavaThread "Handler for socket connection from /127.0.0.1:61168 to /127.0.0.1:61486" [_thread_in_native, id=82768, stack(0x00000000222d0000,0x00000000223d0000)]
  0x0000000017b84000 JavaThread "Daemon worker Thread 2" [_thread_in_Java, id=4116, stack(0x0000000020500000,0x0000000020600000)]
  0x0000000017b85800 JavaThread "Daemon Thread 2" [_thread_blocked, id=15216, stack(0x0000000020200000,0x0000000020300000)]
  0x0000000017b83800 JavaThread "File lock request listener" [_thread_in_native, id=145732, stack(0x000000001c250000,0x000000001c350000)]
  0x0000000017b81000 JavaThread "Cache worker for file hash cache (C:\Users\triin\.gradle\caches\4.8\fileHashes)" [_thread_blocked, id=147168, stack(0x000000001c150000,0x000000001c250000)]
  0x00000000187ce800 JavaThread "Daemon periodic checks" [_thread_blocked, id=145724, stack(0x00000000198b0000,0x00000000199b0000)]
  0x000000001740b800 JavaThread "Incoming local TCP Connector on port 61168" [_thread_in_native, id=14744, stack(0x0000000019670000,0x0000000019770000)]
  0x00000000188c9800 JavaThread "Daemon health stats" [_thread_blocked, id=146868, stack(0x0000000019030000,0x0000000019130000)]
  0x0000000017171800 JavaThread "Service Thread" daemon [_thread_blocked, id=82496, stack(0x0000000017660000,0x0000000017760000)]
  0x0000000017163000 JavaThread "C1 CompilerThread2" daemon [_thread_blocked, id=145864, stack(0x0000000017560000,0x0000000017660000)]
=>0x0000000015924000 JavaThread "C2 CompilerThread1" daemon [_thread_in_native, id=91920, stack(0x0000000017060000,0x0000000017160000)]
  0x0000000015920000 JavaThread "C2 CompilerThread0" daemon [_thread_blocked, id=146652, stack(0x0000000016f60000,0x0000000017060000)]
  0x000000001591c000 JavaThread "Attach Listener" daemon [_thread_blocked, id=133648, stack(0x0000000016e60000,0x0000000016f60000)]
  0x000000001591b000 JavaThread "Signal Dispatcher" daemon [_thread_blocked, id=140276, stack(0x0000000016d60000,0x0000000016e60000)]
  0x0000000003245800 JavaThread "Finalizer" daemon [_thread_blocked, id=144428, stack(0x0000000016b70000,0x0000000016c70000)]
  0x0000000003242000 JavaThread "Reference Handler" daemon [_thread_blocked, id=59356, stack(0x0000000016a70000,0x0000000016b70000)]
  0x0000000003152800 JavaThread "main" [_thread_blocked, id=86984, stack(0x0000000003040000,0x0000000003140000)]

Other Threads:
  0x00000000158e7800 VMThread [stack: 0x0000000016970000,0x0000000016a70000] [id=8996]
  0x0000000017174800 WatcherThread [stack: 0x0000000017760000,0x0000000017860000] [id=147292]

VM state:not at safepoint (normal execution)

VM Mutex/Monitor currently owned by a thread: None

Heap:
 PSYoungGen      total 116736K, used 88616K [0x00000000eab00000, 0x00000000f2600000, 0x0000000100000000)
  eden space 108544K, 74% used [0x00000000eab00000,0x00000000ef98d230,0x00000000f1500000)
  from space 8192K, 99% used [0x00000000f1600000,0x00000000f1dfcf90,0x00000000f1e00000)
  to   space 7168K, 0% used [0x00000000f1f00000,0x00000000f1f00000,0x00000000f2600000)
 ParOldGen       total 43008K, used 22183K [0x00000000c0000000, 0x00000000c2a00000, 0x00000000eab00000)
  object space 43008K, 51% used [0x00000000c0000000,0x00000000c15a9dc0,0x00000000c2a00000)
 Metaspace       used 44311K, capacity 45698K, committed 45952K, reserved 1089536K
  class space    used 6274K, capacity 6677K, committed 6784K, reserved 1048576K

Card table byte_map: [0x0000000012610000,0x0000000012820000] byte_map_base: 0x0000000012010000

Marking Bits: (ParMarkBitMap*) 0x000000006a652d00
 Begin Bits: [0x0000000012d80000, 0x0000000013d80000)
 End Bits:   [0x0000000013d80000, 0x0000000014d80000)

Polling page: 0x0000000000df0000

CodeCache: size=245760Kb used=18472Kb max_used=18472Kb free=227288Kb
 bounds [0x0000000003250000, 0x0000000004480000, 0x0000000012250000]
 total_blobs=5709 nmethods=4995 adapters=625
 compilation: enabled

Compilation events (10 events):
Event: 713.222 Thread 0x0000000017163000 5665       1       io.spring.gradle.dependencymanagement.org.apache.maven.model.Scm::getDeveloperConnection (5 bytes)
Event: 713.222 Thread 0x0000000017163000 nmethod 5665 0x000000000445b390 code [0x000000000445b4e0, 0x000000000445b5f0]
Event: 713.223 Thread 0x0000000017163000 5666       3       io.spring.gradle.dependencymanagement.org.apache.maven.model.ModelBase::getPluginRepositories (23 bytes)
Event: 713.224 Thread 0x0000000017163000 nmethod 5666 0x000000000446e710 code [0x000000000446e880, 0x000000000446ec10]
Event: 713.224 Thread 0x0000000017163000 5667       3       io.spring.gradle.dependencymanagement.org.apache.maven.model.path.DefaultUrlNormalizer::normalize (101 bytes)
Event: 713.226 Thread 0x0000000017163000 nmethod 5667 0x000000000446ed90 code [0x000000000446f000, 0x0000000004470078]
Event: 713.233 Thread 0x0000000017163000 5668       3       io.spring.gradle.dependencymanagement.org.apache.maven.model.merge.ModelMerger::getRepositoryKey (6 bytes)
Event: 713.234 Thread 0x0000000017163000 nmethod 5668 0x0000000004470810 code [0x0000000004470980, 0x0000000004470b88]
Event: 713.234 Thread 0x0000000017163000 5669       3       io.spring.gradle.dependencymanagement.org.apache.maven.model.merge.MavenModelMerger::getRepositoryBaseKey (5 bytes)
Event: 713.234 Thread 0x0000000017163000 nmethod 5669 0x0000000004470c10 code [0x0000000004470d60, 0x0000000004470f50]

GC Heap History (10 events):
Event: 31.163 GC heap before
{Heap before GC invocations=13 (full 1):
 PSYoungGen      total 55296K, used 55287K [0x00000000eab00000, 0x00000000f0280000, 0x0000000100000000)
  eden space 49664K, 100% used [0x00000000eab00000,0x00000000edb80000,0x00000000edb80000)
  from space 5632K, 99% used [0x00000000edb80000,0x00000000ee0fdd60,0x00000000ee100000)
  to   space 7168K, 0% used [0x00000000efb80000,0x00000000efb80000,0x00000000f0280000)
 ParOldGen       total 30208K, used 12520K [0x00000000c0000000, 0x00000000c1d80000, 0x00000000eab00000)
  object space 30208K, 41% used [0x00000000c0000000,0x00000000c0c3a398,0x00000000c1d80000)
 Metaspace       used 32917K, capacity 33448K, committed 33792K, reserved 1079296K
  class space    used 4586K, capacity 4759K, committed 4864K, reserved 1048576K
Event: 31.181 GC heap after
Heap after GC invocations=13 (full 1):
 PSYoungGen      total 81920K, used 5739K [0x00000000eab00000, 0x00000000f0380000, 0x0000000100000000)
  eden space 74752K, 0% used [0x00000000eab00000,0x00000000eab00000,0x00000000ef400000)
  from space 7168K, 80% used [0x00000000efb80000,0x00000000f011ad78,0x00000000f0280000)
  to   space 7680K, 0% used [0x00000000ef400000,0x00000000ef400000,0x00000000efb80000)
 ParOldGen       total 30208K, used 15093K [0x00000000c0000000, 0x00000000c1d80000, 0x00000000eab00000)
  object space 30208K, 49% used [0x00000000c0000000,0x00000000c0ebd5c8,0x00000000c1d80000)
 Metaspace       used 32917K, capacity 33448K, committed 33792K, reserved 1079296K
  class space    used 4586K, capacity 4759K, committed 4864K, reserved 1048576K
}
Event: 32.826 GC heap before
{Heap before GC invocations=14 (full 1):
 PSYoungGen      total 81920K, used 43621K [0x00000000eab00000, 0x00000000f0380000, 0x0000000100000000)
  eden space 74752K, 50% used [0x00000000eab00000,0x00000000ecffe918,0x00000000ef400000)
  from space 7168K, 80% used [0x00000000efb80000,0x00000000f011ad78,0x00000000f0280000)
  to   space 7680K, 0% used [0x00000000ef400000,0x00000000ef400000,0x00000000efb80000)
 ParOldGen       total 30208K, used 15093K [0x00000000c0000000, 0x00000000c1d80000, 0x00000000eab00000)
  object space 30208K, 49% used [0x00000000c0000000,0x00000000c0ebd5c8,0x00000000c1d80000)
 Metaspace       used 34895K, capacity 35434K, committed 35496K, reserved 1079296K
  class space    used 4922K, capacity 5100K, committed 5120K, reserved 1048576K
Event: 32.847 GC heap after
Heap after GC invocations=14 (full 1):
 PSYoungGen      total 82432K, used 3204K [0x00000000eab00000, 0x00000000f2600000, 0x0000000100000000)
  eden space 74752K, 0% used [0x00000000eab00000,0x00000000eab00000,0x00000000ef400000)
  from space 7680K, 41% used [0x00000000ef400000,0x00000000ef721248,0x00000000efb80000)
  to   space 7168K, 0% used [0x00000000f1f00000,0x00000000f1f00000,0x00000000f2600000)
 ParOldGen       total 30208K, used 17380K [0x00000000c0000000, 0x00000000c1d80000, 0x00000000eab00000)
  object space 30208K, 57% used [0x00000000c0000000,0x00000000c10f9018,0x00000000c1d80000)
 Metaspace       used 34895K, capacity 35434K, committed 35496K, reserved 1079296K
  class space    used 4922K, capacity 5100K, committed 5120K, reserved 1048576K
}
Event: 32.847 GC heap before
{Heap before GC invocations=15 (full 2):
 PSYoungGen      total 82432K, used 3204K [0x00000000eab00000, 0x00000000f2600000, 0x0000000100000000)
  eden space 74752K, 0% used [0x00000000eab00000,0x00000000eab00000,0x00000000ef400000)
  from space 7680K, 41% used [0x00000000ef400000,0x00000000ef721248,0x00000000efb80000)
  to   space 7168K, 0% used [0x00000000f1f00000,0x00000000f1f00000,0x00000000f2600000)
 ParOldGen       total 30208K, used 17380K [0x00000000c0000000, 0x00000000c1d80000, 0x00000000eab00000)
  object space 30208K, 57% used [0x00000000c0000000,0x00000000c10f9018,0x00000000c1d80000)
 Metaspace       used 34895K, capacity 35434K, committed 35496K, reserved 1079296K
  class space    used 4922K, capacity 5100K, committed 5120K, reserved 1048576K
Event: 33.093 GC heap after
Heap after GC invocations=15 (full 2):
 PSYoungGen      total 82432K, used 0K [0x00000000eab00000, 0x00000000f2600000, 0x0000000100000000)
  eden space 74752K, 0% used [0x00000000eab00000,0x00000000eab00000,0x00000000ef400000)
  from space 7680K, 0% used [0x00000000ef400000,0x00000000ef400000,0x00000000efb80000)
  to   space 7168K, 0% used [0x00000000f1f00000,0x00000000f1f00000,0x00000000f2600000)
 ParOldGen       total 43008K, used 15927K [0x00000000c0000000, 0x00000000c2a00000, 0x00000000eab00000)
  object space 43008K, 37% used [0x00000000c0000000,0x00000000c0f8de40,0x00000000c2a00000)
 Metaspace       used 34895K, capacity 35434K, committed 35496K, reserved 1079296K
  class space    used 4922K, capacity 5100K, committed 5120K, reserved 1048576K
}
Event: 34.829 GC heap before
{Heap before GC invocations=16 (full 2):
 PSYoungGen      total 82432K, used 74752K [0x00000000eab00000, 0x00000000f2600000, 0x0000000100000000)
  eden space 74752K, 100% used [0x00000000eab00000,0x00000000ef400000,0x00000000ef400000)
  from space 7680K, 0% used [0x00000000ef400000,0x00000000ef400000,0x00000000efb80000)
  to   space 7168K, 0% used [0x00000000f1f00000,0x00000000f1f00000,0x00000000f2600000)
 ParOldGen       total 43008K, used 15927K [0x00000000c0000000, 0x00000000c2a00000, 0x00000000eab00000)
  object space 43008K, 37% used [0x00000000c0000000,0x00000000c0f8de40,0x00000000c2a00000)
 Metaspace       used 37122K, capacity 37870K, committed 38016K, reserved 1081344K
  class space    used 5301K, capacity 5496K, committed 5504K, reserved 1048576K
Event: 34.936 GC heap after
Heap after GC invocations=16 (full 2):
 PSYoungGen      total 115712K, used 6690K [0x00000000eab00000, 0x00000000f2600000, 0x0000000100000000)
  eden space 108544K, 0% used [0x00000000eab00000,0x00000000eab00000,0x00000000f1500000)
  from space 7168K, 93% used [0x00000000f1f00000,0x00000000f2588908,0x00000000f2600000)
  to   space 8192K, 0% used [0x00000000f1600000,0x00000000f1600000,0x00000000f1e00000)
 ParOldGen       total 43008K, used 15935K [0x00000000c0000000, 0x00000000c2a00000, 0x00000000eab00000)
  object space 43008K, 37% used [0x00000000c0000000,0x00000000c0f8fe40,0x00000000c2a00000)
 Metaspace       used 37122K, capacity 37870K, committed 38016K, reserved 1081344K
  class space    used 5301K, capacity 5496K, committed 5504K, reserved 1048576K
}
Event: 709.469 GC heap before
{Heap before GC invocations=17 (full 2):
 PSYoungGen      total 115712K, used 115234K [0x00000000eab00000, 0x00000000f2600000, 0x0000000100000000)
  eden space 108544K, 100% used [0x00000000eab00000,0x00000000f1500000,0x00000000f1500000)
  from space 7168K, 93% used [0x00000000f1f00000,0x00000000f2588908,0x00000000f2600000)
  to   space 8192K, 0% used [0x00000000f1600000,0x00000000f1600000,0x00000000f1e00000)
 ParOldGen       total 43008K, used 15935K [0x00000000c0000000, 0x00000000c2a00000, 0x00000000eab00000)
  object space 43008K, 37% used [0x00000000c0000000,0x00000000c0f8fe40,0x00000000c2a00000)
 Metaspace       used 42240K, capacity 43642K, committed 43904K, reserved 1087488K
  class space    used 6061K, capacity 6473K, committed 6528K, reserved 1048576K
Event: 709.601 GC heap after
Heap after GC invocations=17 (full 2):
 PSYoungGen      total 116736K, used 8179K [0x00000000eab00000, 0x00000000f2600000, 0x0000000100000000)
  eden space 108544K, 0% used [0x00000000eab00000,0x00000000eab00000,0x00000000f1500000)
  from space 8192K, 99% used [0x00000000f1600000,0x00000000f1dfcf90,0x00000000f1e00000)
  to   space 7168K, 0% used [0x00000000f1f00000,0x00000000f1f00000,0x00000000f2600000)
 ParOldGen       total 43008K, used 22183K [0x00000000c0000000, 0x00000000c2a00000, 0x00000000eab00000)
  object space 43008K, 51% used [0x00000000c0000000,0x00000000c15a9dc0,0x00000000c2a00000)
 Metaspace       used 42240K, capacity 43642K, committed 43904K, reserved 1087488K
  class space    used 6061K, capacity 6473K, committed 6528K, reserved 1048576K
}

Deoptimization events (10 events):
Event: 710.657 Thread 0x0000000017b84000 Uncommon trap: reason=null_check action=make_not_entrant pc=0x000000000426d398 method=io.spring.gradle.dependencymanagement.org.apache.maven.model.io.xpp3.MavenXpp3Reader.checkFieldWithDuplicate(Lio/spring/gradle/dependencymanagement/org/codehaus/plexus/u
Event: 710.681 Thread 0x0000000017b84000 Uncommon trap: reason=unstable_if action=reinterpret pc=0x0000000004214c54 method=io.spring.gradle.dependencymanagement.org.codehaus.plexus.util.xml.pull.MXParser.nextImpl()I @ 200
Event: 710.852 Thread 0x0000000017b84000 Uncommon trap: reason=unstable_if action=reinterpret pc=0x00000000033ad8a4 method=java.lang.String.regionMatches(ZILjava/lang/String;II)Z @ 25
Event: 711.301 Thread 0x0000000017b84000 Uncommon trap: reason=unstable_if action=reinterpret pc=0x0000000003966324 method=com.esotericsoftware.kryo.io.Output.writeString(Ljava/lang/CharSequence;)V @ 50
Event: 711.711 Thread 0x0000000017b84000 Uncommon trap: reason=unstable_if action=reinterpret pc=0x00000000042a4154 method=io.spring.gradle.dependencymanagement.org.codehaus.plexus.util.xml.pull.MXParser.nextImpl()I @ 241
Event: 711.859 Thread 0x0000000017b84000 Uncommon trap: reason=unstable_if action=reinterpret pc=0x00000000035bd1a8 method=io.spring.gradle.dependencymanagement.org.codehaus.plexus.util.xml.pull.MXParser.isS(C)Z @ 15
Event: 712.084 Thread 0x0000000017b84000 Uncommon trap: reason=unstable_if action=reinterpret pc=0x00000000042a1070 method=io.spring.gradle.dependencymanagement.org.codehaus.plexus.util.xml.pull.MXParser.isS(C)Z @ 15
Event: 712.089 Thread 0x0000000017b84000 Uncommon trap: reason=class_check action=maybe_recompile pc=0x0000000004330228 method=io.spring.gradle.dependencymanagement.org.apache.maven.model.interpolation.StringSearchModelInterpolator$InterpolateObjectAction.interpolateMapField(Ljava/lang/Object;Lj
Event: 712.089 Thread 0x0000000017b84000 Uncommon trap: reason=class_check action=maybe_recompile pc=0x0000000004330228 method=io.spring.gradle.dependencymanagement.org.apache.maven.model.interpolation.StringSearchModelInterpolator$InterpolateObjectAction.interpolateMapField(Ljava/lang/Object;Lj
Event: 712.170 Thread 0x0000000017b84000 Uncommon trap: reason=unstable_if action=reinterpret pc=0x0000000004386774 method=io.spring.gradle.dependencymanagement.org.codehaus.plexus.util.xml.pull.MXParser.nextImpl()I @ 965

Classes redefined (0 events):
No events

Internal exceptions (10 events):
Event: 709.014 Thread 0x0000000017b84000 Exception <a 'java/lang/ClassNotFoundException': settings_5djh9wxthyhoga9xymboksc62BeanInfo> (0x00000000f09c4540) thrown at [C:\re\workspace\8-2-build-windows-amd64-cygwin\jdk8u181\11358\hotspot\src\share\vm\classfile\systemDictionary.cpp, line 210]
Event: 709.015 Thread 0x0000000017b84000 Exception <a 'java/lang/ClassNotFoundException': settings_5djh9wxthyhoga9xymboksc62Customizer> (0x00000000f09cf9f0) thrown at [C:\re\workspace\8-2-build-windows-amd64-cygwin\jdk8u181\11358\hotspot\src\share\vm\classfile\systemDictionary.cpp, line 210]
Event: 709.911 Thread 0x0000000017b84000 Exception <a 'java/lang/ClassNotFoundException': org/gradle/api/internal/artifacts/configurations/DefaultConfiguration_DecoratedBeanInfo> (0x00000000eb3fcfa8) thrown at [C:\re\workspace\8-2-build-windows-amd64-cygwin\jdk8u181\11358\hotspot\src\share\vm\cl
Event: 709.914 Thread 0x0000000017b84000 Exception <a 'java/lang/ClassNotFoundException': org/gradle/api/internal/artifacts/configurations/DefaultConfigurationBeanInfo> (0x00000000eb45c5b0) thrown at [C:\re\workspace\8-2-build-windows-amd64-cygwin\jdk8u181\11358\hotspot\src\share\vm\classfile\sy
Event: 709.916 Thread 0x0000000017b84000 Exception <a 'java/lang/ClassNotFoundException': org/gradle/api/internal/file/AbstractFileCollectionBeanInfo> (0x00000000eb4736c8) thrown at [C:\re\workspace\8-2-build-windows-amd64-cygwin\jdk8u181\11358\hotspot\src\share\vm\classfile\systemDictionary.cpp
Event: 709.920 Thread 0x0000000017b84000 Exception <a 'java/lang/ClassNotFoundException': org/gradle/api/internal/file/AbstractFileCollectionCustomizer> (0x00000000eb48acd8) thrown at [C:\re\workspace\8-2-build-windows-amd64-cygwin\jdk8u181\11358\hotspot\src\share\vm\classfile\systemDictionary.c
Event: 709.924 Thread 0x0000000017b84000 Exception <a 'java/lang/ClassNotFoundException': org/gradle/api/internal/artifacts/configurations/DefaultConfigurationCustomizer> (0x00000000eb4ce9e8) thrown at [C:\re\workspace\8-2-build-windows-amd64-cygwin\jdk8u181\11358\hotspot\src\share\vm\classfile\
Event: 709.933 Thread 0x0000000017b84000 Exception <a 'java/lang/ClassNotFoundException': org/gradle/api/internal/artifacts/configurations/DefaultConfiguration_DecoratedCustomizer> (0x00000000eb572200) thrown at [C:\re\workspace\8-2-build-windows-amd64-cygwin\jdk8u181\11358\hotspot\src\share\vm\
Event: 710.312 Thread 0x0000000017b84000 Implicit null exception at 0x00000000041afc9e to 0x00000000041b0911
Event: 710.657 Thread 0x0000000017b84000 Implicit null exception at 0x000000000426c121 to 0x000000000426d381

Events (10 events):
Event: 712.089 Thread 0x0000000017b84000 DEOPT PACKING pc=0x0000000004330228 sp=0x00000000205f9ea0
Event: 712.089 Thread 0x0000000017b84000 DEOPT UNPACKING pc=0x000000000329583b sp=0x00000000205f9e10 mode 2
Event: 712.089 Thread 0x0000000017b84000 Uncommon trap: trap_request=0xffffffde fr.pc=0x0000000004330228
Event: 712.089 Thread 0x0000000017b84000 DEOPT PACKING pc=0x0000000004330228 sp=0x00000000205f9ea0
Event: 712.089 Thread 0x0000000017b84000 DEOPT UNPACKING pc=0x000000000329583b sp=0x00000000205f9e10 mode 2
Event: 712.170 Thread 0x0000000017b84000 Uncommon trap: trap_request=0xffffff65 fr.pc=0x0000000004386774
Event: 712.170 Thread 0x0000000017b84000 DEOPT PACKING pc=0x0000000004386774 sp=0x00000000205fa920
Event: 712.170 Thread 0x0000000017b84000 DEOPT UNPACKING pc=0x000000000329583b sp=0x00000000205fa890 mode 2
Event: 712.742 Thread 0x0000000017b84000 DEOPT PACKING pc=0x000000000436c954 sp=0x00000000205fa4c0
Event: 712.742 Thread 0x0000000017b84000 DEOPT UNPACKING pc=0x0000000003297890 sp=0x00000000205fa270 mode 0


Dynamic libraries:
0x00007ff62da80000 - 0x00007ff62dab7000 	C:\Program Files\Java\jdk1.8.0_181\bin\java.exe
0x00007ff989670000 - 0x00007ff989851000 	C:\WINDOWS\SYSTEM32\ntdll.dll
0x00007ff987380000 - 0x00007ff987432000 	C:\WINDOWS\System32\KERNEL32.DLL
0x00007ff986260000 - 0x00007ff9864d3000 	C:\WINDOWS\System32\KERNELBASE.dll
0x00007ff987440000 - 0x00007ff9874e1000 	C:\WINDOWS\System32\ADVAPI32.dll
0x00007ff988a60000 - 0x00007ff988afe000 	C:\WINDOWS\System32\msvcrt.dll
0x00007ff989150000 - 0x00007ff9891ab000 	C:\WINDOWS\System32\sechost.dll
0x00007ff988930000 - 0x00007ff988a54000 	C:\WINDOWS\System32\RPCRT4.dll
0x00007ff9894b0000 - 0x00007ff989640000 	C:\WINDOWS\System32\USER32.dll
0x00007ff986ae0000 - 0x00007ff986b00000 	C:\WINDOWS\System32\win32u.dll
0x00007ff9891c0000 - 0x00007ff9891e8000 	C:\WINDOWS\System32\GDI32.dll
0x00007ff986940000 - 0x00007ff986ad2000 	C:\WINDOWS\System32\gdi32full.dll
0x00007ff9868a0000 - 0x00007ff98693f000 	C:\WINDOWS\System32\msvcp_win.dll
0x00007ff986750000 - 0x00007ff98684a000 	C:\WINDOWS\System32\ucrtbase.dll
0x00007ff972410000 - 0x00007ff972679000 	C:\WINDOWS\WinSxS\amd64_microsoft.windows.common-controls_6595b64144ccf1df_6.0.17134.228_none_fb4599993062b194\COMCTL32.dll
0x00007ff988c10000 - 0x00007ff988f33000 	C:\WINDOWS\System32\combase.dll
0x00007ff9866d0000 - 0x00007ff98674a000 	C:\WINDOWS\System32\bcryptPrimitives.dll
0x00007ff9870b0000 - 0x00007ff9870dd000 	C:\WINDOWS\System32\IMM32.DLL
0x000000006ad10000 - 0x000000006ade2000 	C:\Program Files\Java\jdk1.8.0_181\jre\bin\msvcr100.dll
0x0000000069e30000 - 0x000000006a6d2000 	C:\Program Files\Java\jdk1.8.0_181\jre\bin\server\jvm.dll
0x00007ff987140000 - 0x00007ff987148000 	C:\WINDOWS\System32\PSAPI.DLL
0x00007ff9816b0000 - 0x00007ff9816d3000 	C:\WINDOWS\SYSTEM32\WINMM.dll
0x00007ff971ea0000 - 0x00007ff971ea9000 	C:\WINDOWS\SYSTEM32\WSOCK32.dll
0x00007ff987150000 - 0x00007ff9871bc000 	C:\WINDOWS\System32\WS2_32.dll
0x00007ff97c980000 - 0x00007ff97c98a000 	C:\WINDOWS\SYSTEM32\VERSION.dll
0x00007ff981680000 - 0x00007ff9816aa000 	C:\WINDOWS\SYSTEM32\WINMMBASE.dll
0x00007ff986850000 - 0x00007ff986899000 	C:\WINDOWS\System32\cfgmgr32.dll
0x000000006acd0000 - 0x000000006acdf000 	C:\Program Files\Java\jdk1.8.0_181\jre\bin\verify.dll
0x000000006aca0000 - 0x000000006acc9000 	C:\Program Files\Java\jdk1.8.0_181\jre\bin\java.dll
0x000000006ac80000 - 0x000000006ac96000 	C:\Program Files\Java\jdk1.8.0_181\jre\bin\zip.dll
0x00007ff9874f0000 - 0x00007ff988930000 	C:\WINDOWS\System32\SHELL32.dll
0x00007ff988b00000 - 0x00007ff988ba9000 	C:\WINDOWS\System32\shcore.dll
0x00007ff985b50000 - 0x00007ff98625d000 	C:\WINDOWS\System32\windows.storage.dll
0x00007ff989390000 - 0x00007ff9893e1000 	C:\WINDOWS\System32\shlwapi.dll
0x00007ff985a20000 - 0x00007ff985a31000 	C:\WINDOWS\System32\kernel.appcore.dll
0x00007ff985980000 - 0x00007ff98599f000 	C:\WINDOWS\System32\profapi.dll
0x00007ff9859d0000 - 0x00007ff985a1c000 	C:\WINDOWS\System32\powrprof.dll
0x00007ff9859c0000 - 0x00007ff9859ca000 	C:\WINDOWS\System32\FLTLIB.DLL
0x000000006ac60000 - 0x000000006ac7a000 	C:\Program Files\Java\jdk1.8.0_181\jre\bin\net.dll
0x00007ff985200000 - 0x00007ff985266000 	C:\WINDOWS\system32\mswsock.dll
0x000000006ac40000 - 0x000000006ac51000 	C:\Program Files\Java\jdk1.8.0_181\jre\bin\nio.dll
0x00007ff96b9b0000 - 0x00007ff96b9ce000 	C:\Users\triin\.gradle\native\25\windows-amd64\native-platform.dll
0x000000006ac30000 - 0x000000006ac3d000 	C:\Program Files\Java\jdk1.8.0_181\jre\bin\management.dll
0x00007ff9853b0000 - 0x00007ff9853c7000 	C:\WINDOWS\SYSTEM32\CRYPTSP.dll
0x00007ff984de0000 - 0x00007ff984e13000 	C:\WINDOWS\system32\rsaenh.dll
0x00007ff9854e0000 - 0x00007ff985505000 	C:\WINDOWS\SYSTEM32\bcrypt.dll
0x00007ff9858b0000 - 0x00007ff9858d8000 	C:\WINDOWS\SYSTEM32\USERENV.dll
0x00007ff9853d0000 - 0x00007ff9853db000 	C:\WINDOWS\SYSTEM32\CRYPTBASE.dll
0x00007ff984f80000 - 0x00007ff984fb8000 	C:\WINDOWS\SYSTEM32\IPHLPAPI.DLL
0x00007ff9890c0000 - 0x00007ff9890c8000 	C:\WINDOWS\System32\NSI.dll
0x00007ff97be10000 - 0x00007ff97be26000 	C:\WINDOWS\SYSTEM32\dhcpcsvc6.DLL
0x00007ff97bc50000 - 0x00007ff97bc6a000 	C:\WINDOWS\SYSTEM32\dhcpcsvc.DLL

VM Arguments:
jvm_args: -XX:+HeapDumpOnOutOfMemoryError -Xmx1024m -Dfile.encoding=windows-1252 -Duser.country=EE -Duser.language=et -Duser.variant 
java_command: org.gradle.launcher.daemon.bootstrap.GradleDaemon 4.8
java_class_path (initial): C:\Users\triin\.gradle\wrapper\dists\gradle-4.8-bin\divx0s2uj4thofgytb7gf9fsi\gradle-4.8\lib\gradle-launcher-4.8.jar
Launcher Type: SUN_STANDARD

Environment Variables:
JAVA_HOME=C:\Program Files\Java\jdk1.8.0_181
PATH=C:\Program Files (x86)\Common Files\Oracle\Java\javapath;c:\Rtools\bin;c:\Rtools\mingw_32\bin;C:\ProgramData\Oracle\Java\javapath;C:\WINDOWS\system32;C:\WINDOWS;C:\WINDOWS\System32\Wbem;C:\WINDOWS\System32\WindowsPowerShell\v1.0\;C:\Program Files\Samsung\AllShare Framework DMS\1.3.23\;C:\Program Files\Samsung\AllShare Framework DMS\1.3.23\64bit\;C:\Program Files (x86)\Brackets\command;C:\Program Files (x86)\SDL International\SDLX;C:\MySQL\bin;C:\Program Files (x86)\Microsoft SQL Server\110\Tools\Binn\;C:\Program Files\Microsoft SQL Server\110\Tools\Binn\;C:\Program Files\Microsoft SQL Server\110\DTS\Binn\;C:\Program Files\MiKTeX 2.9\miktex\bin\x64\;C:\Program Files (x86)\IVI Foundation\VISA\WinNT\Bin\;C:\Program Files\IVI Foundation\VISA\Win64\Bin\;H:\MATLAB\runtime\win64;H:\MATLAB\bin;C:\Program Files (x86)\QuickTime\QTSystem\;C:\WINDOWS\System32\OpenSSH\;C:\Program Files (x86)\Microsoft SQL Server\Client SDK\ODBC\110\Tools\Binn\;C:\Program Files (x86)\Microsoft SQL Server\120\Tools\Binn\;C:\Program Files (x86)\Microsoft SQL Server\120\DTS\Binn\;C:\Program Files\PuTTY\;C:\Program Files\Java\jdk1.8.0_181\bin;C:\Program Files\nodejs\;C:\Program Files\Apache Software Foundation\apache-maven-3.5.4/\bin;C:\Users\triin\scoop\shims;C:\Users\triin\AppData\Local\Programs\Python\Python36-32\Scripts\;C:\Users\triin\AppData\Local\Programs\Python\Python36-32\;C:\Users\triin\AppData\Local\Microsoft\WindowsApps;C:\Users\triin\AppData\Roaming\npm
USERNAME=triin
OS=Windows_NT
PROCESSOR_IDENTIFIER=Intel64 Family 6 Model 42 Stepping 7, GenuineIntel



---------------  S Y S T E M  ---------------

OS: Windows 10.0 , 64 bit Build 17134 (10.0.17134.1)

CPU:total 4 (initial active 4) (2 cores per cpu, 2 threads per core) family 6 model 42 stepping 7, cmov, cx8, fxsr, mmx, sse, sse2, sse3, ssse3, sse4.1, sse4.2, popcnt, avx, clmul, ht, tsc, tscinvbit

Memory: 4k page, physical 4093532k(302612k free), swap 8625744k(3868k free)

vm_info: Java HotSpot(TM) 64-Bit Server VM (25.181-b13) for windows-amd64 JRE (1.8.0_181-b13), built on Jul  7 2018 04:01:33 by "java_re" with MS VC++ 10.0 (VS2010)

time: Wed Sep 05 18:41:30 2018
elapsed time: 713 seconds (0d 0h 11m 53s)

